<?xml version="1.0" encoding="utf-8"?><testsuites name="pytest tests"><testsuite name="pytest" errors="0" failures="0" skipped="0" tests="21" time="5.031" timestamp="2026-06-28T11:39:12.764287+00:00" hostname="agent-env-4505c774-b508-4993-9957-bdd09d46cf25"><testcase classname="backend.tests.test_me_events_filter" name="test_all_interests_sees_both" time="1.059" /><testcase classname="backend.tests.test_me_events_filter" name="test_switch_to_internship_hides_scholarship" time="0.198" /><testcase classname="backend.tests.test_me_events_filter" name="test_switch_to_scholarship_hides_internship" time="0.190" /><testcase classname="backend.tests.test_me_events_filter" name="test_back_to_all_sees_both" time="0.217" /><testcase classname="backend.tests.test_me_events_filter" name="test_empty_interests_see_everything" time="0.191" /><testcase classname="backend.tests.test_me_events_filter" name="test_admin_broadcasts_unaffected_by_admin_interests" time="0.327" /><testcase classname="backend.tests.test_interests_and_category" name="test_new_user_has_empty_interests" time="0.097" /><testcase classname="backend.tests.test_interests_and_category" name="test_set_interests_filters_invalid" time="0.305" /><testcase classname="backend.tests.test_interests_and_category" name="test_set_interests_requires_auth" time="0.097" /><testcase classname="backend.tests.test_interests_and_category" name="test_broadcast_rejects_invalid_category" time="0.228" /><testcase classname="backend.tests.test_interests_and_category" name="test_category_aware_fanout" time="1.109" /><testcase classname="backend.tests.test_interests_and_category" name="test_public_user_includes_interests_field" time="0.097" /><testcase classname="backend.tests.test_calsync_api" name="test_root" time="0.104" /><testcase classname="backend.tests.test_calsync_api" name="test_auth_me_admin" time="0.102" /><testcase classname="backend.tests.test_calsync_api" name="test_auth_me_user" time="0.097" /><testcase classname="backend.tests.test_calsync_api" name="test_auth_me_no_token" time="0.052" /><testcase classname="backend.tests.test_calsync_api" name="test_non_admin_broadcast_403" time="0.049" /><testcase classname="backend.tests.test_calsync_api" name="test_register_push" time="0.047" /><testcase classname="backend.tests.test_calsync_api" name="test_admin_broadcast_and_sync" time="0.202" /><testcase classname="backend.tests.test_calsync_api" name="test_broadcast_validation" time="0.047" /><testcase classname="backend.tests.test_calsync_api" name="test_disconnect_google" time="0.140" /></testsuite></testsuites>