<?xml version="1.0" encoding="utf-8"?><testsuites name="pytest tests"><testsuite name="pytest" errors="0" failures="0" skipped="0" tests="18" time="5.327" timestamp="2026-06-28T11:19:56.640477+00:00" hostname="agent-env-4505c774-b508-4993-9957-bdd09d46cf25"><testcase classname="backend.tests.test_calsync_api" name="test_root" time="0.278" /><testcase classname="backend.tests.test_calsync_api" name="test_auth_me_admin" time="0.093" /><testcase classname="backend.tests.test_calsync_api" name="test_auth_me_user" time="0.093" /><testcase classname="backend.tests.test_calsync_api" name="test_auth_me_no_token" time="0.042" /><testcase classname="backend.tests.test_calsync_api" name="test_non_admin_broadcast_403" time="0.044" /><testcase classname="backend.tests.test_calsync_api" name="test_register_push" time="0.043" /><testcase classname="backend.tests.test_calsync_api" name="test_admin_broadcast_and_sync" time="0.244" /><testcase classname="backend.tests.test_calsync_api" name="test_broadcast_validation" time="0.044" /><testcase classname="backend.tests.test_calsync_api" name="test_disconnect_google" time="0.169" /><testcase classname="backend.tests.test_interests_and_category" name="test_new_user_has_empty_interests" time="0.136" /><testcase classname="backend.tests.test_interests_and_category" name="test_set_interests_filters_invalid" time="0.361" /><testcase classname="backend.tests.test_interests_and_category" name="test_set_interests_requires_auth" time="0.128" /><testcase classname="backend.tests.test_interests_and_category" name="test_broadcast_rejects_invalid_category" time="0.195" /><testcase classname="backend.tests.test_interests_and_category" name="test_category_aware_fanout" time="1.183" /><testcase classname="backend.tests.test_interests_and_category" name="test_public_user_includes_interests_field" time="0.097" /><testcase classname="backend.tests.test_push_recipients" name="test_push_recipients_admin_excluded_and_category_filtered" time="1.368" /><testcase classname="backend.tests.test_push_recipients" name="test_push_recipients_includes_empty_interests_users" time="0.487" /><testcase classname="backend.tests.test_push_recipients" name="test_push_recipients_zero_when_no_matching_users" time="0.252" /></testsuite></testsuites>