<?xml version="1.0" encoding="utf-8"?><testsuites name="pytest tests"><testsuite name="pytest" errors="0" failures="0" skipped="0" tests="9" time="1.182" timestamp="2026-06-26T08:50:16.381198+00:00" hostname="agent-env-4505c774-b508-4993-9957-bdd09d46cf25"><testcase classname="backend.tests.test_calsync_api" name="test_root" time="0.275" /><testcase classname="backend.tests.test_calsync_api" name="test_auth_me_admin" time="0.102" /><testcase classname="backend.tests.test_calsync_api" name="test_auth_me_user" time="0.100" /><testcase classname="backend.tests.test_calsync_api" name="test_auth_me_no_token" time="0.048" /><testcase classname="backend.tests.test_calsync_api" name="test_non_admin_broadcast_403" time="0.051" /><testcase classname="backend.tests.test_calsync_api" name="test_register_push" time="0.071" /><testcase classname="backend.tests.test_calsync_api" name="test_admin_broadcast_and_sync" time="0.261" /><testcase classname="backend.tests.test_calsync_api" name="test_broadcast_validation" time="0.051" /><testcase classname="backend.tests.test_calsync_api" name="test_disconnect_google" time="0.148" /></testsuite></testsuites>